# JRE version: Java(TM) SE Runtime Environment (8.0_05-b13) (build 1.8.0_05-b13)
# Java VM: Java HotSpot(TM) 64-Bit Server VM (25.5-b02 mixed mode windows-amd64 compressed oops)
Heap:
 PSYoungGen      total 5632K, used 1527K [0x00000000d5a00000, 0x00000000d6100000, 0x0000000100000000)
  eden space 4096K, 4% used [0x00000000d5a00000,0x00000000d5a2bfc0,0x00000000d5e00000)
  from space 1536K, 87% used [0x00000000d5f80000,0x00000000d60d1c58,0x00000000d6100000)
  to   space 1536K, 0% used [0x00000000d5e00000,0x00000000d5e00000,0x00000000d5f80000)
 ParOldGen       total 129536K, used 1233K [0x0000000080e00000, 0x0000000088c80000, 0x00000000d5a00000)
  object space 129536K, 0% used [0x0000000080e00000,0x0000000080f347e8,0x0000000088c80000)
 Metaspace       used 5809K, capacity 6421K, committed 6528K, reserved 1056768K
  class space    used 560K, capacity 595K, committed 640K, reserved 1048576K
GC Heap History (10 events):
Event: 0.622 GC heap before
{Heap before GC invocations=4 (full 0):
 PSYoungGen      total 1024K, used 1008K [0x00000000d5a00000, 0x00000000d5c00000, 0x0000000100000000)
  eden space 512K, 100% used [0x00000000d5a00000,0x00000000d5a80000,0x00000000d5a80000)
  from space 512K, 96% used [0x00000000d5a80000,0x00000000d5afc010,0x00000000d5b00000)
  to   space 512K, 0% used [0x00000000d5b80000,0x00000000d5b80000,0x00000000d5c00000)
 ParOldGen       total 129536K, used 222K [0x0000000080e00000, 0x0000000088c80000, 0x00000000d5a00000)
  object space 129536K, 0% used [0x0000000080e00000,0x0000000080e37810,0x0000000088c80000)
 Metaspace       used 3427K, capacity 4856K, committed 5120K, reserved 1056768K
  class space    used 361K, capacity 424K, committed 512K, reserved 1048576K
Event: 0.626 GC heap after
Heap after GC invocations=4 (full 0):
 PSYoungGen      total 1536K, used 512K [0x00000000d5a00000, 0x00000000d5c00000, 0x0000000100000000)
  eden space 1024K, 0% used [0x00000000d5a00000,0x00000000d5a00000,0x00000000d5b00000)
  from space 512K, 100% used [0x00000000d5b80000,0x00000000d5c00000,0x00000000d5c00000)
  to   space 512K, 0% used [0x00000000d5b00000,0x00000000d5b00000,0x00000000d5b80000)
 ParOldGen       total 129536K, used 340K [0x0000000080e00000, 0x0000000088c80000, 0x00000000d5a00000)
  object space 129536K, 0% used [0x0000000080e00000,0x0000000080e553c8,0x0000000088c80000)
 Metaspace       used 3427K, capacity 4856K, committed 5120K, reserved 1056768K
  class space    used 361K, capacity 424K, committed 512K, reserved 1048576K
}
Event: 0.984 GC heap before
{Heap before GC invocations=5 (full 0):
 PSYoungGen      total 1536K, used 1536K [0x00000000d5a00000, 0x00000000d5c00000, 0x0000000100000000)
  eden space 1024K, 100% used [0x00000000d5a00000,0x00000000d5b00000,0x00000000d5b00000)
  from space 512K, 100% used [0x00000000d5b80000,0x00000000d5c00000,0x00000000d5c00000)
  to   space 512K, 0% used [0x00000000d5b00000,0x00000000d5b00000,0x00000000d5b80000)
 ParOldGen       total 129536K, used 340K [0x0000000080e00000, 0x0000000088c80000, 0x00000000d5a00000)
  object space 129536K, 0% used [0x0000000080e00000,0x0000000080e553c8,0x0000000088c80000)
 Metaspace       used 4048K, capacity 5056K, committed 5120K, reserved 1056768K
  class space    used 448K, capacity 496K, committed 512K, reserved 1048576K
Event: 0.985 GC heap after
Heap after GC invocations=5 (full 0):
 PSYoungGen      total 1536K, used 496K [0x00000000d5a00000, 0x00000000d5e00000, 0x0000000100000000)
  eden space 1024K, 0% used [0x00000000d5a00000,0x00000000d5a00000,0x00000000d5b00000)
  from space 512K, 96% used [0x00000000d5b00000,0x00000000d5b7c010,0x00000000d5b80000)
  to   space 1024K, 0% used [0x00000000d5d00000,0x00000000d5d00000,0x00000000d5e00000)
 ParOldGen       total 129536K, used 741K [0x0000000080e00000, 0x0000000088c80000, 0x00000000d5a00000)
  object space 129536K, 0% used [0x0000000080e00000,0x0000000080eb9778,0x0000000088c80000)
 Metaspace       used 4048K, capacity 5056K, committed 5120K, reserved 1056768K
  class space    used 448K, capacity 496K, committed 512K, reserved 1048576K
}
Event: 1.076 GC heap before
{Heap before GC invocations=6 (full 0):
 PSYoungGen      total 1536K, used 1493K [0x00000000d5a00000, 0x00000000d5e00000, 0x0000000100000000)
  eden space 1024K, 97% used [0x00000000d5a00000,0x00000000d5af9680,0x00000000d5b00000)
  from space 512K, 96% used [0x00000000d5b00000,0x00000000d5b7c010,0x00000000d5b80000)
  to   space 1024K, 0% used [0x00000000d5d00000,0x00000000d5d00000,0x00000000d5e00000)
 ParOldGen       total 129536K, used 741K [0x0000000080e00000, 0x0000000088c80000, 0x00000000d5a00000)
  object space 129536K, 0% used [0x0000000080e00000,0x0000000080eb9778,0x0000000088c80000)
 Metaspace       used 4642K, capacity 5603K, committed 5632K, reserved 1056768K
  class space    used 460K, capacity 496K, committed 512K, reserved 1048576K
Event: 1.077 GC heap after
Heap after GC invocations=6 (full 0):
 PSYoungGen      total 3072K, used 720K [0x00000000d5a00000, 0x00000000d5e00000, 0x0000000100000000)
  eden space 2048K, 0% used [0x00000000d5a00000,0x00000000d5a00000,0x00000000d5c00000)
  from space 1024K, 70% used [0x00000000d5d00000,0x00000000d5db4010,0x00000000d5e00000)
  to   space 1024K, 0% used [0x00000000d5c00000,0x00000000d5c00000,0x00000000d5d00000)
 ParOldGen       total 129536K, used 741K [0x0000000080e00000, 0x0000000088c80000, 0x00000000d5a00000)
  object space 129536K, 0% used [0x0000000080e00000,0x0000000080eb9778,0x0000000088c80000)
 Metaspace       used 4642K, capacity 5603K, committed 5632K, reserved 1056768K
  class space    used 460K, capacity 496K, committed 512K, reserved 1048576K
}
Event: 1.188 GC heap before
{Heap before GC invocations=7 (full 0):
 PSYoungGen      total 3072K, used 2768K [0x00000000d5a00000, 0x00000000d5e00000, 0x0000000100000000)
  eden space 2048K, 100% used [0x00000000d5a00000,0x00000000d5c00000,0x00000000d5c00000)
  from space 1024K, 70% used [0x00000000d5d00000,0x00000000d5db4010,0x00000000d5e00000)
  to   space 1024K, 0% used [0x00000000d5c00000,0x00000000d5c00000,0x00000000d5d00000)
 ParOldGen       total 129536K, used 741K [0x0000000080e00000, 0x0000000088c80000, 0x00000000d5a00000)
  object space 129536K, 0% used [0x0000000080e00000,0x0000000080eb9778,0x0000000088c80000)
 Metaspace       used 5261K, capacity 5955K, committed 6272K, reserved 1056768K
  class space    used 503K, capacity 528K, committed 640K, reserved 1048576K
Event: 1.190 GC heap after
Heap after GC invocations=7 (full 0):
 PSYoungGen      total 3072K, used 996K [0x00000000d5a00000, 0x00000000d6100000, 0x0000000100000000)
  eden space 2048K, 0% used [0x00000000d5a00000,0x00000000d5a00000,0x00000000d5c00000)
  from space 1024K, 97% used [0x00000000d5c00000,0x00000000d5cf9398,0x00000000d5d00000)
  to   space 1536K, 0% used [0x00000000d5f80000,0x00000000d5f80000,0x00000000d6100000)
 ParOldGen       total 129536K, used 1177K [0x0000000080e00000, 0x0000000088c80000, 0x00000000d5a00000)
  object space 129536K, 0% used [0x0000000080e00000,0x0000000080f267d8,0x0000000088c80000)
 Metaspace       used 5261K, capacity 5955K, committed 6272K, reserved 1056768K
  class space    used 503K, capacity 528K, committed 640K, reserved 1048576K
}
Event: 1.536 GC heap before
{Heap before GC invocations=8 (full 0):
 PSYoungGen      total 3072K, used 3044K [0x00000000d5a00000, 0x00000000d6100000, 0x0000000100000000)
  eden space 2048K, 100% used [0x00000000d5a00000,0x00000000d5c00000,0x00000000d5c00000)
  from space 1024K, 97% used [0x00000000d5c00000,0x00000000d5cf9398,0x00000000d5d00000)
  to   space 1536K, 0% used [0x00000000d5f80000,0x00000000d5f80000,0x00000000d6100000)
 ParOldGen       total 129536K, used 1177K [0x0000000080e00000, 0x0000000088c80000, 0x00000000d5a00000)
  object space 129536K, 0% used [0x0000000080e00000,0x0000000080f267d8,0x0000000088c80000)
 Metaspace       used 5753K, capacity 6357K, committed 6528K, reserved 1056768K
  class space    used 557K, capacity 595K, committed 640K, reserved 1048576K
Event: 1.538 GC heap after
Heap after GC invocations=8 (full 0):
 PSYoungGen      total 5632K, used 1351K [0x00000000d5a00000, 0x00000000d6100000, 0x0000000100000000)
  eden space 4096K, 0% used [0x00000000d5a00000,0x00000000d5a00000,0x00000000d5e00000)
  from space 1536K, 87% used [0x00000000d5f80000,0x00000000d60d1c58,0x00000000d6100000)
  to   space 1536K, 0% used [0x00000000d5e00000,0x00000000d5e00000,0x00000000d5f80000)
 ParOldGen       total 129536K, used 1233K [0x0000000080e00000, 0x0000000088c80000, 0x00000000d5a00000)
  object space 129536K, 0% used [0x0000000080e00000,0x0000000080f347e8,0x0000000088c80000)
 Metaspace       used 5753K, capacity 6357K, committed 6528K, reserved 1056768K
  class space    used 557K, capacity 595K, committed 640K, reserved 1048576K
}

